[2026-05-11T15:31:32.728Z] Plugin initialized: 0 commands []
[2026-05-11T15:31:32.729Z] Registered /subtask command
[2026-05-11T15:31:32.942Z] message-hooks: ENTRY msgCount=1, sessions=ses_1e855c4d7ffeoir9WAu1TEbsf3
[2026-05-11T15:31:32.942Z] message-hooks: MESSAGES: [0]user: text:"/git-sync

<dcp-message-id>m0001</dcp-me..."
[2026-05-11T15:31:32.942Z] message-hooks: post-filter, msgCount=1
[2026-05-11T15:31:32.942Z] message-hooks: about to search for OPENCODE_GENERIC
[2026-05-11T15:31:32.942Z] message-hooks: searching 1 messages for OPENCODE_GENERIC
[2026-05-11T15:31:32.942Z] message-hooks: generic search complete, found=false, index=-1
[2026-05-11T15:31:32.942Z] message-hooks: no generic part found, checking for pending prompt return
[2026-05-11T15:31:36.261Z] message-hooks: ENTRY msgCount=2, sessions=ses_1e855c4d7ffeoir9WAu1TEbsf3
[2026-05-11T15:31:36.261Z] message-hooks: MESSAGES: [0]user: text:"/git-sync

<dcp-message-id>m0001</dcp-me..." | [1]assistant: step-start, reasoning, tool:completed, step-finish, patch
[2026-05-11T15:31:36.261Z] message-hooks: post-filter, msgCount=2
[2026-05-11T15:31:36.261Z] message-hooks: about to search for OPENCODE_GENERIC
[2026-05-11T15:31:36.261Z] message-hooks: searching 2 messages for OPENCODE_GENERIC
[2026-05-11T15:31:36.261Z] message-hooks: generic search complete, found=false, index=-1
[2026-05-11T15:31:36.261Z] message-hooks: no generic part found, checking for pending prompt return
[2026-05-11T15:31:40.347Z] message-hooks: ENTRY msgCount=3, sessions=ses_1e855c4d7ffeoir9WAu1TEbsf3
[2026-05-11T15:31:40.347Z] message-hooks: MESSAGES: [0]user: text:"/git-sync

<dcp-message-id>m0001</dcp-me..." | [1]assistant: step-start, reasoning, tool:completed, step-finish, patch | [2]assistant: step-start, reasoning, text:"リポジトリの変更内容を確認して、コミットメッセージを決めてから同期します。", tool:completed, tool:completed, tool:completed, step-finish, patch
[2026-05-11T15:31:40.347Z] message-hooks: post-filter, msgCount=3
[2026-05-11T15:31:40.347Z] message-hooks: about to search for OPENCODE_GENERIC
[2026-05-11T15:31:40.347Z] message-hooks: searching 3 messages for OPENCODE_GENERIC
[2026-05-11T15:31:40.347Z] message-hooks: generic search complete, found=false, index=-1
[2026-05-11T15:31:40.347Z] message-hooks: no generic part found, checking for pending prompt return
[2026-05-11T15:31:45.334Z] message-hooks: ENTRY msgCount=4, sessions=ses_1e855c4d7ffeoir9WAu1TEbsf3
[2026-05-11T15:31:45.334Z] message-hooks: MESSAGES: [0]user: text:"/git-sync

<dcp-message-id>m0001</dcp-me..." | [1]assistant: step-start, reasoning, tool:completed, step-finish, patch | [2]assistant: step-start, reasoning, text:"リポジトリの変更内容を確認して、コミットメッセージを決めてから同期します。", tool:completed, tool:completed, tool:completed, step-finish, patch | [3]assistant: step-start, reasoning, text:"未追跡ファイルも含まれているため、コミット対象の内容を確認します。", tool:completed, tool:completed, step-finish, patch
[2026-05-11T15:31:45.334Z] message-hooks: post-filter, msgCount=4
[2026-05-11T15:31:45.334Z] message-hooks: about to search for OPENCODE_GENERIC
[2026-05-11T15:31:45.334Z] message-hooks: searching 4 messages for OPENCODE_GENERIC
[2026-05-11T15:31:45.334Z] message-hooks: generic search complete, found=false, index=-1
[2026-05-11T15:31:45.334Z] message-hooks: no generic part found, checking for pending prompt return
